<?xml version="1.0" encoding="UTF-8"?>
<!-- Generated by org.testng.reporters.JUnitXMLReporter -->
<testsuite ignored="0" hostname="Sathya" failures="1" tests="1" name="mytest" time="18.835" errors="0" timestamp="2023-09-04T18:06:49 MST">
  <testcase classname="testCase.TC_001AccountRegistrationTest" name="test_accountRegistration" time="8.617">
    <failure type="java.lang.AssertionError" message="null">
      <![CDATA[java.lang.AssertionError: null
at testCase.TC_001AccountRegistrationTest.test_accountRegistration(TC_001AccountRegistrationTest.java:79)
at java.base/java.util.ArrayList.forEach(ArrayList.java:1511)
... Removed 27 stack frames]]>
    </failure>
  </testcase> <!-- test_accountRegistration -->
</testsuite> <!-- mytest -->
